<?xml version="1.0" encoding="UTF-8"?>
<testng-results ignored="0" total="1" passed="1" failed="0" skipped="0">
  <reporter-output>
  </reporter-output>
  <suite started-at="2024-08-30T19:34:52 IST" name="Default suite" finished-at="2024-08-30T19:34:56 IST" duration-ms="4092">
    <groups>
    </groups>
    <test started-at="2024-08-30T19:34:52 IST" name="Default test" finished-at="2024-08-30T19:34:56 IST" duration-ms="4092">
      <class name="dme.mmm">
        <test-method signature="f()[pri:0, instance:dme.mmm@290222c1]" started-at="2024-08-30T19:34:52 IST" name="f" finished-at="2024-08-30T19:34:56 IST" duration-ms="4046" status="PASS">
          <reporter-output>
          </reporter-output>
        </test-method> <!-- f -->
      </class> <!-- dme.mmm -->
    </test> <!-- Default test -->
  </suite> <!-- Default suite -->
</testng-results>
